SDPA start at [Thu Sep 23 10:39:53 2021]
param  is ./param.sdpa 
data   is sdp.dat  : dense
"sdp problem"
out    is sdp.out
NumThreads  is set as 1
Schur computation : DENSE 
   mu      thetaP  thetaD  objP      objD      alphaP  alphaD  beta 
 0 1.0e+004 1.0e+000 1.0e+000 -0.00e+000 -2.00e+002 9.0e-001 1.0e+000 2.00e-001
 1 1.4e+003 9.8e-002 0.0e+000 -3.57e-002 -2.79e+002 9.2e-001 9.2e-001 2.00e-001
 2 1.9e+002 8.1e-003 3.8e-016 -4.93e-002 -3.67e+002 1.0e+000 6.1e+000 2.00e-001
 3 2.4e+001 5.6e-019 1.9e-015 -4.94e-002 -1.95e+002 8.2e+001 9.5e-001 1.00e-001
 4 3.4e+000 5.6e-019 1.7e-015 -1.65e-001 -2.76e+001 9.8e-001 9.8e-001 1.00e-001
 5 4.2e-001 5.6e-019 1.3e-014 -1.51e-001 -3.49e+000 9.8e-001 9.8e-001 1.00e-001
 6 5.0e-002 5.6e-019 3.8e-016 -1.49e-001 -5.52e-001 1.4e+000 9.0e-001 1.00e-001
 7 8.0e-003 5.6e-019 1.9e-016 -1.90e-001 -2.54e-001 9.6e-001 9.6e-001 1.00e-001
 8 1.1e-003 5.6e-019 1.1e-015 -2.07e-001 -2.16e-001 1.0e+000 9.8e-001 1.00e-001
 9 1.1e-004 5.6e-019 9.4e-017 -2.10e-001 -2.11e-001 1.0e+000 9.8e-001 1.00e-001
10 1.2e-005 5.6e-019 9.4e-017 -2.10e-001 -2.10e-001 1.0e+000 9.8e-001 1.00e-001
11 1.2e-006 5.6e-019 1.9e-016 -2.10e-001 -2.10e-001 1.0e+000 9.8e-001 1.00e-001
12 1.2e-007 1.1e-018 1.9e-016 -2.10e-001 -2.10e-001 9.0e-001 9.0e-001 1.00e-001

phase.value  = pdFEAS    
   Iteration = 12
          mu = +1.1721783146206866e-007
relative gap = +9.3774265169654925e-007
        gap  = +9.3774265169654925e-007
     digits  = +5.3506678015501254e+000
objValPrimal = -2.1025701898477858e-001
objValDual   = -2.1025795672743028e-001
p.feas.error = +1.1102230246251565e-016
d.feas.error = +5.5511151231257827e-017
total time   = 0.027831
** Paramters **
maxIteration = 100
epsilonStar  = +9.9999999999999995e-008
lambdaStar   = +1.0000000000000000e+002
omegaStar    = +2.0000000000000000e+000
lowerBound   = -1.0000000000000000e+005
upperBound   = +1.0000000000000000e+005
betaStar     = +1.0000000000000001e-001
betaBar      = +2.0000000000000001e-001
gammaStar    = +9.0000000000000002e-001
epsilonDash  = +9.9999999999999995e-008
xPrint       = %+8.3e 
XPrint       = %+8.3e 
YPrint       = %+8.3e 
infPrint     = %+10.16e 

                         Time(sec)  Ratio(% : MainLoop) 
 Predictor time  =       0.012014,  44.806624
 Corrector time  =       0.003994,  14.895760
 Make bMat time  =       0.006018,  22.444337
 Make bDia time  =       0.000000,  0.000000
 Make bF1  time  =       0.000000,  0.000000
 Make bF2  time  =       0.000000,  0.000000
 Make bF3  time  =       0.000000,  0.000000
 Make bPRE time  =       0.000000,  0.000000
 Make rMat time  =       0.002996,  11.173684
 Make gVec Mul   =       0.000000,  0.000000
 Make gVec time  =       0.000998,  3.722075
 Cholesky bMat   =       0.001001,  3.733264
 Ste Pre time    =       0.000000,  0.000000
 Ste Cor time    =       0.003827,  14.272927
 solve           =       0.000000,  0.000000
 sumDz           =       0.000999,  3.725805
 makedX          =       0.000000,  0.000000
 symmetriseDx    =       0.003996,  14.903219
 makedXdZ        =       0.004995,  18.629023
 xMatTime        =       0.000000,  0.000000
 zMatTime        =       0.000000,  0.000000
 invzMatTime     =       0.000000,  0.000000
 xMatzMatTime    =       0.000000,  0.000000
 EigxMatTime     =       0.000998,  3.722075
 EigzMatTime     =       0.002829,  10.550852
 EigxMatzMatTime =       0.000000,  0.000000
 updateRes       =       0.000988,  3.684780
 EigTime         =       0.003827,  14.272927
 sub_total_bMat  =       0.020795,  77.555663
 Main Loop       =       0.026813,  100.000000
 File Check      =       0.000000,  0.000000
 File Change     =       0.000000,  0.000000
 File Read       =       0.001018,  3.796666
 Total           =       0.027831,  103.796666

xVec = 
{-0.000e+000,-0.000e+000,-2.393e-001,-0.000e+000,-0.000e+000,-0.000e+000,+6.197e-001,-0.000e+000,-0.000e+000,-0.000e+000}
xMat = 
{
{ {+3.098e-001,+0.000e+000,+0.000e+000,-3.098e-001,+0.000e+000,+0.000e+000,+0.000e+000,+0.000e+000 },
  {+0.000e+000,+1.902e-001,+1.902e-001,+0.000e+000,+0.000e+000,+0.000e+000,+0.000e+000,+0.000e+000 },
  {+0.000e+000,+1.902e-001,+1.902e-001,+0.000e+000,+0.000e+000,+0.000e+000,+0.000e+000,+0.000e+000 },
  {-3.098e-001,+0.000e+000,+0.000e+000,+3.098e-001,+0.000e+000,+0.000e+000,+0.000e+000,+0.000e+000 },
  {+0.000e+000,+0.000e+000,+0.000e+000,+0.000e+000,+3.098e-001,+0.000e+000,+0.000e+000,-3.098e-001 },
  {+0.000e+000,+0.000e+000,+0.000e+000,+0.000e+000,+0.000e+000,+1.902e-001,+1.902e-001,+0.000e+000 },
  {+0.000e+000,+0.000e+000,+0.000e+000,+0.000e+000,+0.000e+000,+1.902e-001,+1.902e-001,+0.000e+000 },
  {+0.000e+000,+0.000e+000,+0.000e+000,+0.000e+000,-3.098e-001,+0.000e+000,+0.000e+000,+3.098e-001 }   }
}
yMat = 
{
{ {+1.029e-001,+0.000e+000,+0.000e+000,+1.029e-001,+0.000e+000,+0.000e+000,+0.000e+000,+0.000e+000 },
  {+0.000e+000,+4.400e-002,-4.400e-002,+0.000e+000,+0.000e+000,+0.000e+000,+0.000e+000,+0.000e+000 },
  {+0.000e+000,-4.400e-002,+4.400e-002,+0.000e+000,+0.000e+000,+0.000e+000,+0.000e+000,+0.000e+000 },
  {+1.029e-001,+0.000e+000,+0.000e+000,+1.029e-001,+0.000e+000,+0.000e+000,+0.000e+000,+0.000e+000 },
  {+0.000e+000,+0.000e+000,+0.000e+000,+0.000e+000,+1.029e-001,+0.000e+000,+0.000e+000,+1.029e-001 },
  {+0.000e+000,+0.000e+000,+0.000e+000,+0.000e+000,+0.000e+000,+4.400e-002,-4.400e-002,+0.000e+000 },
  {+0.000e+000,+0.000e+000,+0.000e+000,+0.000e+000,+0.000e+000,-4.400e-002,+4.400e-002,+0.000e+000 },
  {+0.000e+000,+0.000e+000,+0.000e+000,+0.000e+000,+1.029e-001,+0.000e+000,+0.000e+000,+1.029e-001 }   }
}
    main loop time = 0.026813
        total time = 0.027831
  file  check time = 0.000000
  file change time = 0.000000
  file   read time = 0.001018
SDPA end at [Thu Sep 23 10:39:54 2021]
ALL TIME = 0.036336
